<?xml version="1.0" encoding="UTF-8"?>
<testng-results skipped="0" failed="0" total="1" passed="1">
  <reporter-output>
  </reporter-output>
  <suite name="LoginTest" duration-ms="3955" started-at="2016-03-13T05:56:04Z" finished-at="2016-03-13T05:56:08Z">
    <groups>
    </groups>
    <test name="Command line test" duration-ms="3955" started-at="2016-03-13T05:56:04Z" finished-at="2016-03-13T05:56:08Z">
      <class name="LoginTest">
        <test-method status="PASS" signature="setUp()[pri:0, instance:LoginTest@5e899a54]" name="setUp" is-config="true" duration-ms="8350" started-at="2016-03-13T00:55:56Z" finished-at="2016-03-13T00:56:04Z">
          <reporter-output>
          </reporter-output>
        </test-method> <!-- setUp -->
        <test-method status="PASS" signature="doLogin()[pri:0, instance:LoginTest@5e899a54]" name="doLogin" duration-ms="3881" started-at="2016-03-13T00:56:04Z" finished-at="2016-03-13T00:56:08Z">
          <reporter-output>
          </reporter-output>
        </test-method> <!-- doLogin -->
        <test-method status="PASS" signature="tearDown()[pri:0, instance:LoginTest@5e899a54]" name="tearDown" is-config="true" duration-ms="1587" started-at="2016-03-13T00:56:08Z" finished-at="2016-03-13T00:56:10Z">
          <reporter-output>
          </reporter-output>
        </test-method> <!-- tearDown -->
      </class> <!-- LoginTest -->
    </test> <!-- Command line test -->
  </suite> <!-- LoginTest -->
</testng-results>
