<?xml version="1.0" encoding="UTF-8"?>
<testng-results skipped="0" failed="0" total="1" passed="1">
  <reporter-output>
  </reporter-output>
  <suite name="Default suite" duration-ms="2234" started-at="2016-03-13T05:04:00Z" finished-at="2016-03-13T05:04:02Z">
    <groups>
    </groups>
    <test name="Default test" duration-ms="2234" started-at="2016-03-13T05:04:00Z" finished-at="2016-03-13T05:04:02Z">
      <class name="LoginTest">
        <test-method status="PASS" signature="setUp()[pri:0, instance:LoginTest@3d7b218b]" name="setUp" is-config="true" duration-ms="7204" started-at="2016-03-13T00:03:53Z" finished-at="2016-03-13T00:04:00Z">
          <reporter-output>
          </reporter-output>
        </test-method> <!-- setUp -->
        <test-method status="PASS" signature="doLogin()[pri:0, instance:LoginTest@3d7b218b]" name="doLogin" duration-ms="2213" started-at="2016-03-13T00:04:00Z" finished-at="2016-03-13T00:04:02Z">
          <reporter-output>
          </reporter-output>
        </test-method> <!-- doLogin -->
        <test-method status="PASS" signature="tearDown()[pri:0, instance:LoginTest@3d7b218b]" name="tearDown" is-config="true" duration-ms="666" started-at="2016-03-13T00:04:02Z" finished-at="2016-03-13T00:04:03Z">
          <reporter-output>
          </reporter-output>
        </test-method> <!-- tearDown -->
      </class> <!-- LoginTest -->
    </test> <!-- Default test -->
  </suite> <!-- Default suite -->
</testng-results>
